<?xml version="1.0" encoding="UTF-8"?>
<testng-results ignored="0" total="4" passed="3" failed="1" skipped="0">
  <reporter-output>
  </reporter-output>
  <suite started-at="2024-11-23T12:03:34 CST" name="Suite" finished-at="2024-11-23T12:03:46 CST" duration-ms="11640">
    <groups>
      <group name="unit">
        <method signature="HomeTestSD.verifyMainHeadingTest(java.lang.String,java.lang.String)[pri:0, instance:com.tests.HomeTestSD@2415fc55]" name="verifyMainHeadingTest" class="com.tests.HomeTestSD"/>
        <method signature="HomeTestSD.verifyMainSubHeadingTest(java.lang.String,java.lang.String)[pri:1, instance:com.tests.HomeTestSD@2415fc55]" name="verifyMainSubHeadingTest" class="com.tests.HomeTestSD"/>
      </group> <!-- unit -->
      <group name="smoke">
        <method signature="LoginTestSD.verifyLoginTest()[pri:0, instance:com.tests.LoginTestSD@791d1f8b]" name="verifyLoginTest" class="com.tests.LoginTestSD"/>
        <method signature="LoginTestSD.verifyAlertMessageLoginTest()[pri:1, instance:com.tests.LoginTestSD@791d1f8b]" name="verifyAlertMessageLoginTest" class="com.tests.LoginTestSD"/>
      </group> <!-- smoke -->
    </groups>
    <test started-at="2024-11-23T12:03:34 CST" name="Test" finished-at="2024-11-23T12:03:46 CST" duration-ms="11640">
      <class name="com.tests.HomeTestSD">
        <test-method is-config="true" signature="browserInitialise()[pri:0, instance:com.tests.HomeTestSD@2415fc55]" started-at="2024-11-23T12:03:40 CST" name="browserInitialise" finished-at="2024-11-23T12:03:42 CST" duration-ms="1938" status="PASS">
          <reporter-output>
          </reporter-output>
        </test-method> <!-- browserInitialise -->
        <test-method signature="verifyMainHeadingTest(java.lang.String,java.lang.String)[pri:0, instance:com.tests.HomeTestSD@2415fc55]" started-at="2024-11-23T12:03:42 CST" name="verifyMainHeadingTest" data-provider="data" finished-at="2024-11-23T12:03:43 CST" duration-ms="443" status="PASS">
          <params>
            <param index="0">
              <value>
                <![CDATA[standard_user]]>
              </value>
            </param>
            <param index="1">
              <value>
                <![CDATA[secret_sauce]]>
              </value>
            </param>
          </params>
          <reporter-output>
          </reporter-output>
        </test-method> <!-- verifyMainHeadingTest -->
        <test-method is-config="true" signature="browserQuit()[pri:0, instance:com.tests.HomeTestSD@2415fc55]" started-at="2024-11-23T12:03:43 CST" name="browserQuit" finished-at="2024-11-23T12:03:43 CST" duration-ms="310" status="PASS">
          <reporter-output>
          </reporter-output>
        </test-method> <!-- browserQuit -->
        <test-method is-config="true" signature="browserInitialise()[pri:0, instance:com.tests.HomeTestSD@2415fc55]" started-at="2024-11-23T12:03:43 CST" name="browserInitialise" finished-at="2024-11-23T12:03:45 CST" duration-ms="1534" status="PASS">
          <reporter-output>
          </reporter-output>
        </test-method> <!-- browserInitialise -->
        <test-method signature="verifyMainSubHeadingTest(java.lang.String,java.lang.String)[pri:1, instance:com.tests.HomeTestSD@2415fc55]" started-at="2024-11-23T12:03:45 CST" name="verifyMainSubHeadingTest" data-provider="data" finished-at="2024-11-23T12:03:45 CST" duration-ms="404" status="PASS">
          <params>
            <param index="0">
              <value>
                <![CDATA[standard_user]]>
              </value>
            </param>
            <param index="1">
              <value>
                <![CDATA[secret_sauce]]>
              </value>
            </param>
          </params>
          <reporter-output>
          </reporter-output>
        </test-method> <!-- verifyMainSubHeadingTest -->
        <test-method is-config="true" signature="browserQuit()[pri:0, instance:com.tests.HomeTestSD@2415fc55]" started-at="2024-11-23T12:03:46 CST" name="browserQuit" finished-at="2024-11-23T12:03:46 CST" duration-ms="316" status="PASS">
          <reporter-output>
          </reporter-output>
        </test-method> <!-- browserQuit -->
      </class> <!-- com.tests.HomeTestSD -->
      <class name="com.tests.LoginTestSD">
        <test-method is-config="true" signature="browserInitialise()[pri:0, instance:com.tests.LoginTestSD@791d1f8b]" started-at="2024-11-23T12:03:34 CST" name="browserInitialise" finished-at="2024-11-23T12:03:37 CST" duration-ms="2797" status="PASS">
          <reporter-output>
          </reporter-output>
        </test-method> <!-- browserInitialise -->
        <test-method signature="verifyLoginTest()[pri:0, instance:com.tests.LoginTestSD@791d1f8b]" started-at="2024-11-23T12:03:37 CST" name="verifyLoginTest" finished-at="2024-11-23T12:03:37 CST" duration-ms="73" status="FAIL">
          <exception class="java.lang.AssertionError">
            <message>
              <![CDATA[expected [false] but found [true]]]>
            </message>
            <full-stacktrace>
              <![CDATA[java.lang.AssertionError: expected [false] but found [true]
at org.testng.Assert.fail(Assert.java:111)
at org.testng.Assert.failNotEquals(Assert.java:1578)
at org.testng.Assert.assertEqualsImpl(Assert.java:150)
at org.testng.Assert.assertEquals(Assert.java:132)
at org.testng.Assert.assertEquals(Assert.java:1067)
at org.testng.Assert.assertEquals(Assert.java:1087)
at com.tests.LoginTestSD.verifyLoginTest(LoginTestSD.java:18)
at java.base/jdk.internal.reflect.DirectMethodHandleAccessor.invoke(DirectMethodHandleAccessor.java:103)
at java.base/java.lang.reflect.Method.invoke(Method.java:580)
at org.testng.internal.invokers.MethodInvocationHelper.invokeMethod(MethodInvocationHelper.java:141)
at org.testng.internal.invokers.TestInvoker.invokeMethod(TestInvoker.java:686)
at org.testng.internal.invokers.TestInvoker.invokeTestMethod(TestInvoker.java:230)
at org.testng.internal.invokers.MethodRunner.runInSequence(MethodRunner.java:63)
at org.testng.internal.invokers.TestInvoker$MethodInvocationAgent.invoke(TestInvoker.java:992)
at org.testng.internal.invokers.TestInvoker.invokeTestMethods(TestInvoker.java:203)
at org.testng.internal.invokers.TestMethodWorker.invokeTestMethods(TestMethodWorker.java:154)
at org.testng.internal.invokers.TestMethodWorker.run(TestMethodWorker.java:134)
at java.base/java.util.ArrayList.forEach(ArrayList.java:1596)
at org.testng.TestRunner.privateRun(TestRunner.java:739)
at org.testng.TestRunner.run(TestRunner.java:614)
at org.testng.SuiteRunner.runTest(SuiteRunner.java:421)
at org.testng.SuiteRunner.runSequentially(SuiteRunner.java:413)
at org.testng.SuiteRunner.privateRun(SuiteRunner.java:373)
at org.testng.SuiteRunner.run(SuiteRunner.java:312)
at org.testng.SuiteRunnerWorker.runSuite(SuiteRunnerWorker.java:52)
at org.testng.SuiteRunnerWorker.run(SuiteRunnerWorker.java:95)
at org.testng.TestNG.runSuitesSequentially(TestNG.java:1274)
at org.testng.TestNG.runSuitesLocally(TestNG.java:1208)
at org.testng.TestNG.runSuites(TestNG.java:1112)
at org.testng.TestNG.run(TestNG.java:1079)
at org.testng.remote.AbstractRemoteTestNG.run(AbstractRemoteTestNG.java:115)
at org.testng.remote.RemoteTestNG.initAndRun(RemoteTestNG.java:293)
at org.testng.remote.RemoteTestNG.main(RemoteTestNG.java:91)
]]>
            </full-stacktrace>
          </exception> <!-- java.lang.AssertionError -->
          <reporter-output>
          </reporter-output>
        </test-method> <!-- verifyLoginTest -->
        <test-method is-config="true" signature="browserQuit()[pri:0, instance:com.tests.LoginTestSD@791d1f8b]" started-at="2024-11-23T12:03:37 CST" name="browserQuit" finished-at="2024-11-23T12:03:38 CST" duration-ms="403" status="PASS">
          <reporter-output>
          </reporter-output>
        </test-method> <!-- browserQuit -->
        <test-method is-config="true" signature="browserInitialise()[pri:0, instance:com.tests.LoginTestSD@791d1f8b]" started-at="2024-11-23T12:03:38 CST" name="browserInitialise" finished-at="2024-11-23T12:03:40 CST" duration-ms="2024" status="PASS">
          <reporter-output>
          </reporter-output>
        </test-method> <!-- browserInitialise -->
        <test-method signature="verifyAlertMessageLoginTest()[pri:1, instance:com.tests.LoginTestSD@791d1f8b]" started-at="2024-11-23T12:03:40 CST" name="verifyAlertMessageLoginTest" finished-at="2024-11-23T12:03:40 CST" duration-ms="121" status="PASS">
          <reporter-output>
          </reporter-output>
        </test-method> <!-- verifyAlertMessageLoginTest -->
        <test-method is-config="true" signature="browserQuit()[pri:0, instance:com.tests.LoginTestSD@791d1f8b]" started-at="2024-11-23T12:03:40 CST" name="browserQuit" finished-at="2024-11-23T12:03:40 CST" duration-ms="359" status="PASS">
          <reporter-output>
          </reporter-output>
        </test-method> <!-- browserQuit -->
      </class> <!-- com.tests.LoginTestSD -->
    </test> <!-- Test -->
  </suite> <!-- Suite -->
</testng-results>
